<?xml version="1.0" encoding="UTF-8"?>
<!-- Generated by org.testng.reporters.JUnitReportReporter -->
<testsuite hostname="US-5CG9024YKL" failures="0" tests="4" name="testCase.Scenario1" time="16.450" errors="0" timestamp="2022-08-28T23:40:39 EET" skipped="0">
  <testcase classname="testCase.Scenario1" name="SearchByKey" time="6.073"/>
  <system-out/>
  <testcase classname="testCase.Scenario1" name="firstElementsSelection" time="6.851"/>
  <system-out/>
  <testcase classname="testCase.Scenario1" name="ClicOnAddToCrdButton" time="3.436"/>
  <system-out/>
  <testcase classname="testCase.Scenario1" name="assertAddedProdctMessage" time="0.090"/>
  <system-out/>
</testsuite> <!-- testCase.Scenario1 -->
